[INFO] Scanning for projects...
[INFO] 
[INFO] ----------------------------< com.wecp:cpm >----------------------------
[INFO] Building cpm 0.0.1-SNAPSHOT
[INFO] --------------------------------[ jar ]---------------------------------
[INFO] 
[INFO] --- maven-resources-plugin:3.2.0:resources (default-resources) @ cpm ---
[INFO] Using 'UTF-8' encoding to copy filtered resources.
[INFO] Using 'UTF-8' encoding to copy filtered properties files.
[INFO] Copying 1 resource
[INFO] Copying 0 resource
[INFO] 
[INFO] --- maven-compiler-plugin:3.8.1:compile (default-compile) @ cpm ---
[INFO] Nothing to compile - all classes are up to date
[INFO] 
[INFO] --- maven-resources-plugin:3.2.0:testResources (default-testResources) @ cpm ---
[INFO] Using 'UTF-8' encoding to copy filtered resources.
[INFO] Using 'UTF-8' encoding to copy filtered properties files.
[INFO] skip non existing resourceDirectory /home/ubuntu/root/src/test/resources
[INFO] 
[INFO] --- maven-compiler-plugin:3.8.1:testCompile (default-testCompile) @ cpm ---
[INFO] Nothing to compile - all classes are up to date
[INFO] 
[INFO] --- maven-surefire-plugin:2.22.2:test (default-test) @ cpm ---
[INFO] 
[INFO] -------------------------------------------------------
[INFO]  T E S T S
[INFO] -------------------------------------------------------
[INFO] Running com.wecp.cpm.CpmApplicationTests
07:04:10.286 [main] DEBUG org.springframework.test.context.BootstrapUtils - Instantiating CacheAwareContextLoaderDelegate from class [org.springframework.test.context.cache.DefaultCacheAwareContextLoaderDelegate]
07:04:10.943 [main] DEBUG org.springframework.test.context.BootstrapUtils - Instantiating BootstrapContext using constructor [public org.springframework.test.context.support.DefaultBootstrapContext(java.lang.Class,org.springframework.test.context.CacheAwareContextLoaderDelegate)]
07:04:12.089 [main] DEBUG org.springframework.test.context.BootstrapUtils - Instantiating TestContextBootstrapper for test class [com.wecp.cpm.CpmApplicationTests] from class [org.springframework.boot.test.context.SpringBootTestContextBootstrapper]
07:04:12.456 [main] INFO org.springframework.boot.test.context.SpringBootTestContextBootstrapper - Neither @ContextConfiguration nor @ContextHierarchy found for test class [com.wecp.cpm.CpmApplicationTests], using SpringBootContextLoader
07:04:12.518 [main] DEBUG org.springframework.test.context.support.AbstractContextLoader - Did not detect default resource location for test class [com.wecp.cpm.CpmApplicationTests]: class path resource [com/wecp/cpm/CpmApplicationTests-context.xml] does not exist
07:04:12.557 [main] DEBUG org.springframework.test.context.support.AbstractContextLoader - Did not detect default resource location for test class [com.wecp.cpm.CpmApplicationTests]: class path resource [com/wecp/cpm/CpmApplicationTestsContext.groovy] does not exist
07:04:12.559 [main] INFO org.springframework.test.context.support.AbstractContextLoader - Could not detect default resource locations for test class [com.wecp.cpm.CpmApplicationTests]: no resource found for suffixes {-context.xml, Context.groovy}.
07:04:12.599 [main] INFO org.springframework.test.context.support.AnnotationConfigContextLoaderUtils - Could not detect default configuration classes for test class [com.wecp.cpm.CpmApplicationTests]: CpmApplicationTests does not declare any static, non-private, non-final, nested classes annotated with @Configuration.
07:04:15.158 [main] DEBUG org.springframework.test.context.support.ActiveProfilesUtils - Could not find an 'annotation declaring class' for annotation type [org.springframework.test.context.ActiveProfiles] and class [com.wecp.cpm.CpmApplicationTests]
07:04:17.224 [main] DEBUG org.springframework.context.annotation.ClassPathScanningCandidateComponentProvider - Identified candidate component class: file [/home/ubuntu/root/target/classes/com/wecp/cpm/CpmApplication.class]
07:04:17.225 [main] INFO org.springframework.boot.test.context.SpringBootTestContextBootstrapper - Found @SpringBootConfiguration com.wecp.cpm.CpmApplication for test class com.wecp.cpm.CpmApplicationTests
07:04:20.480 [main] DEBUG org.springframework.boot.test.context.SpringBootTestContextBootstrapper - @TestExecutionListeners is not present for class [com.wecp.cpm.CpmApplicationTests]: using defaults.
07:04:20.644 [main] INFO org.springframework.boot.test.context.SpringBootTestContextBootstrapper - Loaded default TestExecutionListener class names from location [META-INF/spring.factories]: [org.springframework.boot.test.autoconfigure.restdocs.RestDocsTestExecutionListener, org.springframework.boot.test.autoconfigure.web.client.MockRestServiceServerResetTestExecutionListener, org.springframework.boot.test.autoconfigure.web.servlet.MockMvcPrintOnlyOnFailureTestExecutionListener, org.springframework.boot.test.autoconfigure.web.servlet.WebDriverTestExecutionListener, org.springframework.boot.test.autoconfigure.webservices.client.MockWebServiceServerTestExecutionListener, org.springframework.test.context.web.ServletTestExecutionListener, org.springframework.test.context.support.DirtiesContextBeforeModesTestExecutionListener, org.springframework.test.context.event.ApplicationEventsTestExecutionListener, org.springframework.test.context.support.DependencyInjectionTestExecutionListener, org.springframework.test.context.support.DirtiesContextTestExecutionListener, org.springframework.test.context.transaction.TransactionalTestExecutionListener, org.springframework.test.context.jdbc.SqlScriptsTestExecutionListener, org.springframework.test.context.event.EventPublishingTestExecutionListener, org.springframework.boot.test.mock.mockito.MockitoTestExecutionListener, org.springframework.boot.test.mock.mockito.ResetMocksTestExecutionListener]
07:04:21.423 [main] INFO org.springframework.boot.test.context.SpringBootTestContextBootstrapper - Using TestExecutionListeners: [org.springframework.test.context.web.ServletTestExecutionListener@1e461e41, org.springframework.test.context.support.DirtiesContextBeforeModesTestExecutionListener@5ba88be8, org.springframework.test.context.event.ApplicationEventsTestExecutionListener@56928307, org.springframework.boot.test.mock.mockito.MockitoTestExecutionListener@3899782c, org.springframework.boot.test.autoconfigure.SpringBootDependencyInjectionTestExecutionListener@1603cd68, org.springframework.test.context.support.DirtiesContextTestExecutionListener@9ebe38b, org.springframework.test.context.transaction.TransactionalTestExecutionListener@4b23c30a, org.springframework.test.context.jdbc.SqlScriptsTestExecutionListener@38089a5a, org.springframework.test.context.event.EventPublishingTestExecutionListener@30e868be, org.springframework.boot.test.autoconfigure.restdocs.RestDocsTestExecutionListener@66c92293, org.springframework.boot.test.autoconfigure.web.client.MockRestServiceServerResetTestExecutionListener@332796d3, org.springframework.boot.test.autoconfigure.web.servlet.MockMvcPrintOnlyOnFailureTestExecutionListener@4f0100a7, org.springframework.boot.test.autoconfigure.web.servlet.WebDriverTestExecutionListener@3cdf2c61, org.springframework.boot.test.autoconfigure.webservices.client.MockWebServiceServerTestExecutionListener@13ad5cd3, org.springframework.boot.test.mock.mockito.ResetMocksTestExecutionListener@1c33c17b]
07:04:21.505 [main] DEBUG org.springframework.test.context.support.AbstractDirtiesContextTestExecutionListener - Before test class: context [DefaultTestContext@e57b96d testClass = CpmApplicationTests, testInstance = [null], testMethod = [null], testException = [null], mergedContextConfiguration = [WebMergedContextConfiguration@32c726ee testClass = CpmApplicationTests, locations = '{}', classes = '{class com.wecp.cpm.CpmApplication}', contextInitializerClasses = '[]', activeProfiles = '{}', propertySourceLocations = '{}', propertySourceProperties = '{org.springframework.boot.test.context.SpringBootTestContextBootstrapper=true}', contextCustomizers = set[org.springframework.boot.test.autoconfigure.actuate.metrics.MetricsExportContextCustomizerFactory$DisableMetricExportContextCustomizer@4f2b503c, org.springframework.boot.test.autoconfigure.properties.PropertyMappingContextCustomizer@4b3fa0b3, org.springframework.boot.test.autoconfigure.web.servlet.WebDriverContextCustomizerFactory$Customizer@ffaa6af, [ImportsContextCustomizer@22f31dec key = [org.springframework.boot.test.autoconfigure.web.servlet.MockMvcAutoConfiguration, org.springframework.boot.test.autoconfigure.web.servlet.MockMvcWebClientAutoConfiguration, org.springframework.boot.test.autoconfigure.web.servlet.MockMvcWebDriverAutoConfiguration, org.springframework.boot.autoconfigure.security.oauth2.client.servlet.OAuth2ClientAutoConfiguration, org.springframework.boot.autoconfigure.security.oauth2.resource.servlet.OAuth2ResourceServerAutoConfiguration, org.springframework.boot.autoconfigure.security.servlet.SecurityAutoConfiguration, org.springframework.boot.autoconfigure.security.servlet.SecurityFilterAutoConfiguration, org.springframework.boot.autoconfigure.security.servlet.UserDetailsServiceAutoConfiguration, org.springframework.boot.test.autoconfigure.web.servlet.MockMvcSecurityConfiguration]], org.springframework.boot.test.context.filter.ExcludeFilterContextCustomizer@537f60bf, org.springframework.boot.test.json.DuplicateJsonObjectContextCustomizerFactory$DuplicateJsonObjectContextCustomizer@65c7a252, org.springframework.boot.test.mock.mockito.MockitoContextCustomizer@0, org.springframework.boot.test.web.client.TestRestTemplateContextCustomizer@63376bed, org.springframework.boot.test.context.SpringBootTestArgs@1, org.springframework.boot.test.context.SpringBootTestWebEnvironment@2c039ac6], resourceBasePath = 'src/main/webapp', contextLoader = 'org.springframework.boot.test.context.SpringBootContextLoader', parent = [null]], attributes = map['org.springframework.test.context.web.ServletTestExecutionListener.activateListener' -> true]], class annotated with @DirtiesContext [false] with mode [null].
07:04:23.433 [main] DEBUG org.springframework.test.context.support.TestPropertySourceUtils - Adding inlined properties to environment: {spring.jmx.enabled=false, org.springframework.boot.test.context.SpringBootTestContextBootstrapper=true}

  .   ____          _            __ _ _
 /\\ / ___'_ __ _ _(_)_ __  __ _ \ \ \ \
( ( )\___ | '_ | '_| | '_ \/ _` | \ \ \ \
 \\/  ___)| |_)| | | | | || (_| |  ) ) ) )
  '  |____| .__|_| |_|_| |_\__, | / / / /
 =========|_|==============|___/=/_/_/_/
 :: Spring Boot ::                (v2.4.2)

2021-02-28 07:04:33.459  INFO 16058 --- [           main] com.wecp.cpm.CpmApplicationTests         : Starting CpmApplicationTests using Java 11.0.10 on ip-172-31-27-28 with PID 16058 (started by ubuntu in /home/ubuntu/root)
2021-02-28 07:04:33.542  INFO 16058 --- [           main] com.wecp.cpm.CpmApplicationTests         : No active profile set, falling back to default profiles: default
2021-02-28 07:04:59.213  INFO 16058 --- [           main] .s.d.r.c.RepositoryConfigurationDelegate : Multiple Spring Data modules found, entering strict repository configuration mode!
2021-02-28 07:04:59.215  INFO 16058 --- [           main] .s.d.r.c.RepositoryConfigurationDelegate : Bootstrapping Spring Data JDBC repositories in DEFAULT mode.
2021-02-28 07:04:59.971  INFO 16058 --- [           main] .RepositoryConfigurationExtensionSupport : Spring Data JDBC - Could not safely identify store assignment for repository candidate interface com.wecp.cpm.repository.UserRepository. If you want this repository to be a JDBC repository, consider annotating your entities with one of these annotations: org.springframework.data.relational.core.mapping.Table.
2021-02-28 07:05:00.013  INFO 16058 --- [           main] .s.d.r.c.RepositoryConfigurationDelegate : Finished Spring Data repository scanning in 654 ms. Found 0 JDBC repository interfaces.
2021-02-28 07:05:00.854  INFO 16058 --- [           main] .s.d.r.c.RepositoryConfigurationDelegate : Multiple Spring Data modules found, entering strict repository configuration mode!
2021-02-28 07:05:00.935  INFO 16058 --- [           main] .s.d.r.c.RepositoryConfigurationDelegate : Bootstrapping Spring Data JPA repositories in DEFAULT mode.
2021-02-28 07:05:02.224  INFO 16058 --- [           main] .s.d.r.c.RepositoryConfigurationDelegate : Finished Spring Data repository scanning in 1086 ms. Found 1 JPA repository interfaces.
2021-02-28 07:05:09.141  INFO 16058 --- [           main] o.hibernate.jpa.internal.util.LogHelper  : HHH000204: Processing PersistenceUnitInfo [name: default]
2021-02-28 07:05:09.407  INFO 16058 --- [           main] org.hibernate.Version                    : HHH000412: Hibernate ORM core version 5.4.27.Final
2021-02-28 07:05:10.111  INFO 16058 --- [           main] o.hibernate.annotations.common.Version   : HCANN000001: Hibernate Commons Annotations {5.1.2.Final}
2021-02-28 07:05:10.772  INFO 16058 --- [           main] com.zaxxer.hikari.HikariDataSource       : HikariPool-1 - Starting...
2021-02-28 07:05:11.743  INFO 16058 --- [           main] com.zaxxer.hikari.HikariDataSource       : HikariPool-1 - Start completed.
2021-02-28 07:05:11.898  INFO 16058 --- [           main] org.hibernate.dialect.Dialect            : HHH000400: Using dialect: org.hibernate.dialect.H2Dialect
Hibernate: create table user (id bigint not null, username varchar(255), primary key (id))
Hibernate: create sequence hibernate_sequence start with 1 increment by 1
2021-02-28 07:05:15.419  INFO 16058 --- [           main] o.h.e.t.j.p.i.JtaPlatformInitiator       : HHH000490: Using JtaPlatform implementation: [org.hibernate.engine.transaction.jta.platform.internal.NoJtaPlatform]
2021-02-28 07:05:15.460  INFO 16058 --- [           main] j.LocalContainerEntityManagerFactoryBean : Initialized JPA EntityManagerFactory for persistence unit 'default'
2021-02-28 07:05:18.399  WARN 16058 --- [           main] JpaBaseConfiguration$JpaWebConfiguration : spring.jpa.open-in-view is enabled by default. Therefore, database queries may be performed during view rendering. Explicitly configure spring.jpa.open-in-view to disable this warning
2021-02-28 07:05:20.626  INFO 16058 --- [           main] o.s.s.concurrent.ThreadPoolTaskExecutor  : Initializing ExecutorService 'applicationTaskExecutor'
2021-02-28 07:05:22.947  INFO 16058 --- [           main] o.s.b.t.m.w.SpringBootMockServletContext : Initializing Spring TestDispatcherServlet ''
2021-02-28 07:05:22.950  INFO 16058 --- [           main] o.s.t.web.servlet.TestDispatcherServlet  : Initializing Servlet ''
2021-02-28 07:05:22.954  INFO 16058 --- [           main] o.s.t.web.servlet.TestDispatcherServlet  : Completed initialization in 2 ms
2021-02-28 07:05:23.060  INFO 16058 --- [           main] com.wecp.cpm.CpmApplicationTests         : Started CpmApplicationTests in 59.466 seconds (JVM running for 95.785)
Hibernate: call next value for hibernate_sequence
Hibernate: insert into user (username, id) values (?, ?)
Hibernate: call next value for hibernate_sequence
Hibernate: insert into user (username, id) values (?, ?)
Hibernate: select user0_.id as id1_0_, user0_.username as username2_0_ from user user0_
Hibernate: call next value for hibernate_sequence
Hibernate: insert into user (username, id) values (?, ?)
Hibernate: select user0_.id as id1_0_0_, user0_.username as username2_0_0_ from user user0_ where user0_.id=?
Hibernate: call next value for hibernate_sequence
Hibernate: insert into user (username, id) values (?, ?)
Hibernate: select user0_.id as id1_0_0_, user0_.username as username2_0_0_ from user user0_ where user0_.id=?
Hibernate: delete from user where id=?
Hibernate: select user0_.id as id1_0_0_, user0_.username as username2_0_0_ from user user0_ where user0_.id=?

MockHttpServletRequest:
      HTTP Method = POST
      Request URI = /api/v1/user
       Parameters = {}
          Headers = [Content-Type:"application/json;charset=UTF-8", Content-Length:"25"]
             Body = {"username":"AAAAAAAAAA"}
    Session Attrs = {}

Handler:
             Type = com.wecp.cpm.controller.UserController
           Method = com.wecp.cpm.controller.UserController#createUser(User)

Async:
    Async started = false
     Async result = null

Resolved Exception:
             Type = null

ModelAndView:
        View name = null
             View = null
            Model = null

FlashMap:
       Attributes = null

MockHttpServletResponse:
           Status = 200
    Error message = null
          Headers = [Content-Type:"application/json"]
     Content type = application/json
             Body = {"id":4,"username":"AAAAAAAAAA"}
    Forwarded URL = null
   Redirected URL = null
          Cookies = []

MockHttpServletRequest:
      HTTP Method = DELETE
      Request URI = /api/v1/user/4
       Parameters = {}
          Headers = []
             Body = null
    Session Attrs = {}

Handler:
             Type = com.wecp.cpm.controller.UserController
           Method = com.wecp.cpm.controller.UserController#deleteUser(Long)

Async:
    Async started = false
     Async result = null

Resolved Exception:
             Type = null

ModelAndView:
        View name = null
             View = null
            Model = null

FlashMap:
       Attributes = null

MockHttpServletResponse:
           Status = 200
    Error message = null
          Headers = []
     Content type = null
             Body = 
    Forwarded URL = null
   Redirected URL = null
          Cookies = []

MockHttpServletRequest:
      HTTP Method = GET
      Request URI = /api/v1/user/4
       Parameters = {}
          Headers = []
             Body = null
    Session Attrs = {}

Handler:
             Type = com.wecp.cpm.controller.UserController
           Method = com.wecp.cpm.controller.UserController#getUser(Long)

Async:
    Async started = false
     Async result = null

Resolved Exception:
             Type = null

ModelAndView:
        View name = null
             View = null
            Model = null

FlashMap:
       Attributes = null

MockHttpServletResponse:
           Status = 200
    Error message = null
          Headers = [Content-Type:"application/json"]
     Content type = application/json
             Body = {"id":null,"username":null}
    Forwarded URL = null
   Redirected URL = null
          Cookies = []
[ERROR] Tests run: 3, Failures: 1, Errors: 0, Skipped: 0, Time elapsed: 78.941 s <<< FAILURE! - in com.wecp.cpm.CpmApplicationTests
[ERROR] deleteUserTest  Time elapsed: 0.27 s  <<< FAILURE!
java.lang.AssertionError: Status expected:<204> but was:<200>
	at com.wecp.cpm.CpmApplicationTests.deleteUserTest(CpmApplicationTests.java:60)

2021-02-28 07:05:26.465  INFO 16058 --- [extShutdownHook] o.s.s.concurrent.ThreadPoolTaskExecutor  : Shutting down ExecutorService 'applicationTaskExecutor'
2021-02-28 07:05:26.479  INFO 16058 --- [extShutdownHook] j.LocalContainerEntityManagerFactoryBean : Closing JPA EntityManagerFactory for persistence unit 'default'
2021-02-28 07:05:26.501  INFO 16058 --- [extShutdownHook] com.zaxxer.hikari.HikariDataSource       : HikariPool-1 - Shutdown initiated...
2021-02-28 07:05:26.533  INFO 16058 --- [extShutdownHook] com.zaxxer.hikari.HikariDataSource       : HikariPool-1 - Shutdown completed.
[INFO] 
[INFO] Results:
[INFO] 
[ERROR] Failures: 
[ERROR]   CpmApplicationTests.deleteUserTest:60 Status expected:<204> but was:<200>
[INFO] 
[ERROR] Tests run: 3, Failures: 1, Errors: 0, Skipped: 0
[INFO] 
[INFO] ------------------------------------------------------------------------
[INFO] BUILD FAILURE
[INFO] ------------------------------------------------------------------------
[INFO] Total time:  02:36 min
[INFO] Finished at: 2021-02-28T07:05:26Z
[INFO] ------------------------------------------------------------------------
[ERROR] Failed to execute goal org.apache.maven.plugins:maven-surefire-plugin:2.22.2:test (default-test) on project cpm: There are test failures.
[ERROR] 
[ERROR] Please refer to /home/ubuntu/root/target/surefire-reports for the individual test results.
[ERROR] Please refer to dump files (if any exist) [date].dump, [date]-jvmRun[N].dump and [date].dumpstream.
[ERROR] -> [Help 1]
[ERROR] 
[ERROR] To see the full stack trace of the errors, re-run Maven with the -e switch.
[ERROR] Re-run Maven using the -X switch to enable full debug logging.
[ERROR] 
[ERROR] For more information about the errors and possible solutions, please read the following articles:
[ERROR] [Help 1] http://cwiki.apache.org/confluence/display/MAVEN/MojoFailureException
